2022-02-19T22:41:58.305586Z 0 [Warning] TIMESTAMP with implicit DEFAULT value is deprecated. Please use --explicit_defaults_for_timestamp server option (see documentation for more details).
2022-02-19T22:41:58.381064Z 0 [Warning] Setting lower_case_table_names=2 because file system for /var/lib/mysql/ is case insensitive
2022-02-19T22:42:02.126340Z 0 [Warning] InnoDB: New log files created, LSN=45790
2022-02-19T22:42:03.146852Z 0 [Warning] InnoDB: Creating foreign key constraint system tables.
2022-02-19T22:42:03.213734Z 0 [Warning] No existing UUID has been found, so we assume that this is the first time that this server has been started. Generating a new UUID: 285189c8-91d5-11ec-873d-0242c0a85002.
2022-02-19T22:42:03.225110Z 0 [Warning] Gtid table is not ready to be used. Table 'mysql.gtid_executed' cannot be opened.
2022-02-19T22:42:05.610147Z 0 [Warning] A deprecated TLS version TLSv1 is enabled. Please use TLSv1.2 or higher.
2022-02-19T22:42:05.611425Z 0 [Warning] A deprecated TLS version TLSv1.1 is enabled. Please use TLSv1.2 or higher.
2022-02-19T22:42:05.629888Z 0 [Warning] CA certificate ca.pem is self signed.
2022-02-19T22:42:05.984124Z 1 [Warning] root@localhost is created with an empty password ! Please consider switching off the --initialize-insecure option.
2022-02-19T22:42:22.570112Z 0 [Warning] TIMESTAMP with implicit DEFAULT value is deprecated. Please use --explicit_defaults_for_timestamp server option (see documentation for more details).
2022-02-19T22:42:22.588336Z 0 [Note] mysqld (mysqld 5.7.36) starting as process 81 ...
2022-02-19T22:42:22.605636Z 0 [Warning] Setting lower_case_table_names=2 because file system for /var/lib/mysql/ is case insensitive
2022-02-19T22:42:22.617132Z 0 [Note] InnoDB: PUNCH HOLE support available
2022-02-19T22:42:22.618962Z 0 [Note] InnoDB: Mutexes and rw_locks use GCC atomic builtins
2022-02-19T22:42:22.620222Z 0 [Note] InnoDB: Uses event mutexes
2022-02-19T22:42:22.621523Z 0 [Note] InnoDB: GCC builtin __atomic_thread_fence() is used for memory barrier
2022-02-19T22:42:22.622636Z 0 [Note] InnoDB: Compressed tables use zlib 1.2.11
2022-02-19T22:42:22.623669Z 0 [Note] InnoDB: Using Linux native AIO
2022-02-19T22:42:22.625546Z 0 [Note] InnoDB: Number of pools: 1
2022-02-19T22:42:22.627374Z 0 [Note] InnoDB: Using CPU crc32 instructions
2022-02-19T22:42:22.635075Z 0 [Note] InnoDB: Initializing buffer pool, total size = 128M, instances = 1, chunk size = 128M
2022-02-19T22:42:22.777041Z 0 [Note] InnoDB: Completed initialization of buffer pool
2022-02-19T22:42:22.874811Z 0 [Note] InnoDB: If the mysqld execution user is authorized, page cleaner thread priority can be changed. See the man page of setpriority().
2022-02-19T22:42:23.195629Z 0 [Note] InnoDB: Highest supported file format is Barracuda.
2022-02-19T22:42:23.534194Z 0 [Note] InnoDB: Creating shared tablespace for temporary tables
2022-02-19T22:42:23.546863Z 0 [Note] InnoDB: Setting file './ibtmp1' size to 12 MB. Physically writing the file full; Please wait ...
2022-02-19T22:42:23.848495Z 0 [Note] InnoDB: File './ibtmp1' size is now 12 MB.
2022-02-19T22:42:23.868180Z 0 [Note] InnoDB: 96 redo rollback segment(s) found. 96 redo rollback segment(s) are active.
2022-02-19T22:42:23.869406Z 0 [Note] InnoDB: 32 non-redo rollback segment(s) are active.
2022-02-19T22:42:23.872812Z 0 [Note] InnoDB: Waiting for purge to start
2022-02-19T22:42:23.925200Z 0 [Note] InnoDB: 5.7.36 started; log sequence number 2750162
2022-02-19T22:42:23.928195Z 0 [Note] Plugin 'FEDERATED' is disabled.
2022-02-19T22:42:23.928554Z 0 [Note] InnoDB: Loading buffer pool(s) from /var/lib/mysql/ib_buffer_pool
2022-02-19T22:42:24.177710Z 0 [Note] Found ca.pem, server-cert.pem and server-key.pem in data directory. Trying to enable SSL support using them.
2022-02-19T22:42:24.183092Z 0 [Note] Skipping generation of SSL certificates as certificate files are present in data directory.
2022-02-19T22:42:24.185313Z 0 [Warning] A deprecated TLS version TLSv1 is enabled. Please use TLSv1.2 or higher.
2022-02-19T22:42:24.190691Z 0 [Warning] A deprecated TLS version TLSv1.1 is enabled. Please use TLSv1.2 or higher.
2022-02-19T22:42:24.204807Z 0 [Note] InnoDB: Buffer pool(s) load completed at 220220  7:42:24
2022-02-19T22:42:24.225291Z 0 [Warning] CA certificate ca.pem is self signed.
2022-02-19T22:42:24.231470Z 0 [Note] Skipping generation of RSA key pair as key files are present in data directory.
2022-02-19T22:42:24.362458Z 0 [Warning] Insecure configuration for --pid-file: Location '/var/run/mysqld' in the path is accessible to all OS users. Consider choosing a different directory.
2022-02-19T22:42:25.171983Z 0 [Note] Event Scheduler: Loaded 0 events
2022-02-19T22:42:25.174328Z 0 [Note] mysqld: ready for connections.
Version: '5.7.36'  socket: '/var/run/mysqld/mysqld.sock'  port: 0  MySQL Community Server (GPL)
2022-02-19T22:42:31.487871Z 0 [Note] Giving 0 client threads a chance to die gracefully
2022-02-19T22:42:31.491100Z 0 [Note] Shutting down slave threads
2022-02-19T22:42:31.496320Z 0 [Note] Forcefully disconnecting 0 remaining clients
2022-02-19T22:42:31.497777Z 0 [Note] Event Scheduler: Purging the queue. 0 events
2022-02-19T22:42:31.499141Z 0 [Note] Binlog end
2022-02-19T22:42:31.507588Z 0 [Note] Shutting down plugin 'ngram'
2022-02-19T22:42:31.510405Z 0 [Note] Shutting down plugin 'partition'
2022-02-19T22:42:31.511649Z 0 [Note] Shutting down plugin 'BLACKHOLE'
2022-02-19T22:42:31.513499Z 0 [Note] Shutting down plugin 'ARCHIVE'
2022-02-19T22:42:31.515880Z 0 [Note] Shutting down plugin 'PERFORMANCE_SCHEMA'
2022-02-19T22:42:31.517551Z 0 [Note] Shutting down plugin 'MRG_MYISAM'
2022-02-19T22:42:31.519599Z 0 [Note] Shutting down plugin 'MyISAM'
2022-02-19T22:42:31.520705Z 0 [Note] Shutting down plugin 'INNODB_SYS_VIRTUAL'
2022-02-19T22:42:31.522733Z 0 [Note] Shutting down plugin 'INNODB_SYS_DATAFILES'
2022-02-19T22:42:31.524348Z 0 [Note] Shutting down plugin 'INNODB_SYS_TABLESPACES'
2022-02-19T22:42:31.529157Z 0 [Note] Shutting down plugin 'INNODB_SYS_FOREIGN_COLS'
2022-02-19T22:42:31.534418Z 0 [Note] Shutting down plugin 'INNODB_SYS_FOREIGN'
2022-02-19T22:42:31.537067Z 0 [Note] Shutting down plugin 'INNODB_SYS_FIELDS'
2022-02-19T22:42:31.539391Z 0 [Note] Shutting down plugin 'INNODB_SYS_COLUMNS'
2022-02-19T22:42:31.541152Z 0 [Note] Shutting down plugin 'INNODB_SYS_INDEXES'
2022-02-19T22:42:31.543528Z 0 [Note] Shutting down plugin 'INNODB_SYS_TABLESTATS'
2022-02-19T22:42:31.546467Z 0 [Note] Shutting down plugin 'INNODB_SYS_TABLES'
2022-02-19T22:42:31.551936Z 0 [Note] Shutting down plugin 'INNODB_FT_INDEX_TABLE'
2022-02-19T22:42:31.554644Z 0 [Note] Shutting down plugin 'INNODB_FT_INDEX_CACHE'
2022-02-19T22:42:31.556149Z 0 [Note] Shutting down plugin 'INNODB_FT_CONFIG'
2022-02-19T22:42:31.561614Z 0 [Note] Shutting down plugin 'INNODB_FT_BEING_DELETED'
2022-02-19T22:42:31.565428Z 0 [Note] Shutting down plugin 'INNODB_FT_DELETED'
2022-02-19T22:42:31.566467Z 0 [Note] Shutting down plugin 'INNODB_FT_DEFAULT_STOPWORD'
2022-02-19T22:42:31.568225Z 0 [Note] Shutting down plugin 'INNODB_METRICS'
2022-02-19T22:42:31.571388Z 0 [Note] Shutting down plugin 'INNODB_TEMP_TABLE_INFO'
2022-02-19T22:42:31.573257Z 0 [Note] Shutting down plugin 'INNODB_BUFFER_POOL_STATS'
2022-02-19T22:42:31.574687Z 0 [Note] Shutting down plugin 'INNODB_BUFFER_PAGE_LRU'
2022-02-19T22:42:31.575955Z 0 [Note] Shutting down plugin 'INNODB_BUFFER_PAGE'
2022-02-19T22:42:31.578416Z 0 [Note] Shutting down plugin 'INNODB_CMP_PER_INDEX_RESET'
2022-02-19T22:42:31.581710Z 0 [Note] Shutting down plugin 'INNODB_CMP_PER_INDEX'
2022-02-19T22:42:31.586570Z 0 [Note] Shutting down plugin 'INNODB_CMPMEM_RESET'
2022-02-19T22:42:31.589191Z 0 [Note] Shutting down plugin 'INNODB_CMPMEM'
2022-02-19T22:42:31.591680Z 0 [Note] Shutting down plugin 'INNODB_CMP_RESET'
2022-02-19T22:42:31.595883Z 0 [Note] Shutting down plugin 'INNODB_CMP'
2022-02-19T22:42:31.600390Z 0 [Note] Shutting down plugin 'INNODB_LOCK_WAITS'
2022-02-19T22:42:31.603921Z 0 [Note] Shutting down plugin 'INNODB_LOCKS'
2022-02-19T22:42:31.605028Z 0 [Note] Shutting down plugin 'INNODB_TRX'
2022-02-19T22:42:31.605983Z 0 [Note] Shutting down plugin 'InnoDB'
2022-02-19T22:42:31.608013Z 0 [Note] InnoDB: FTS optimize thread exiting.
2022-02-19T22:42:31.612213Z 0 [Note] InnoDB: Starting shutdown...
2022-02-19T22:42:31.720293Z 0 [Note] InnoDB: Dumping buffer pool(s) to /var/lib/mysql/ib_buffer_pool
2022-02-19T22:42:31.733400Z 0 [Note] InnoDB: Buffer pool(s) dump completed at 220220  7:42:31
2022-02-19T22:42:33.647907Z 0 [Note] InnoDB: Shutdown completed; log sequence number 12660400
2022-02-19T22:42:33.662094Z 0 [Note] InnoDB: Removed temporary tablespace data file: "ibtmp1"
2022-02-19T22:42:33.663955Z 0 [Note] Shutting down plugin 'MEMORY'
2022-02-19T22:42:33.665073Z 0 [Note] Shutting down plugin 'CSV'
2022-02-19T22:42:33.668953Z 0 [Note] Shutting down plugin 'sha256_password'
2022-02-19T22:42:33.670772Z 0 [Note] Shutting down plugin 'mysql_native_password'
2022-02-19T22:42:33.681867Z 0 [Note] Shutting down plugin 'binlog'
2022-02-19T22:42:33.732327Z 0 [Note] mysqld: Shutdown complete

2022-02-19T22:42:34.770373Z 0 [Warning] TIMESTAMP with implicit DEFAULT value is deprecated. Please use --explicit_defaults_for_timestamp server option (see documentation for more details).
2022-02-19T22:42:34.781895Z 0 [Note] mysqld (mysqld 5.7.36) starting as process 1 ...
2022-02-19T22:42:34.793429Z 0 [Warning] Setting lower_case_table_names=2 because file system for /var/lib/mysql/ is case insensitive
2022-02-19T22:42:34.805753Z 0 [Note] InnoDB: PUNCH HOLE support available
2022-02-19T22:42:34.808298Z 0 [Note] InnoDB: Mutexes and rw_locks use GCC atomic builtins
2022-02-19T22:42:34.809916Z 0 [Note] InnoDB: Uses event mutexes
2022-02-19T22:42:34.811504Z 0 [Note] InnoDB: GCC builtin __atomic_thread_fence() is used for memory barrier
2022-02-19T22:42:34.813029Z 0 [Note] InnoDB: Compressed tables use zlib 1.2.11
2022-02-19T22:42:34.814527Z 0 [Note] InnoDB: Using Linux native AIO
2022-02-19T22:42:34.816561Z 0 [Note] InnoDB: Number of pools: 1
2022-02-19T22:42:34.818451Z 0 [Note] InnoDB: Using CPU crc32 instructions
2022-02-19T22:42:34.823498Z 0 [Note] InnoDB: Initializing buffer pool, total size = 128M, instances = 1, chunk size = 128M
2022-02-19T22:42:34.845822Z 0 [Note] InnoDB: Completed initialization of buffer pool
2022-02-19T22:42:34.853851Z 0 [Note] InnoDB: If the mysqld execution user is authorized, page cleaner thread priority can be changed. See the man page of setpriority().
2022-02-19T22:42:34.948818Z 0 [Note] InnoDB: Highest supported file format is Barracuda.
2022-02-19T22:42:35.152809Z 0 [Note] InnoDB: Creating shared tablespace for temporary tables
2022-02-19T22:42:35.161403Z 0 [Note] InnoDB: Setting file './ibtmp1' size to 12 MB. Physically writing the file full; Please wait ...
2022-02-19T22:42:35.291306Z 0 [Note] InnoDB: File './ibtmp1' size is now 12 MB.
2022-02-19T22:42:35.300682Z 0 [Note] InnoDB: 96 redo rollback segment(s) found. 96 redo rollback segment(s) are active.
2022-02-19T22:42:35.301712Z 0 [Note] InnoDB: 32 non-redo rollback segment(s) are active.
2022-02-19T22:42:35.303622Z 0 [Note] InnoDB: 5.7.36 started; log sequence number 12660400
2022-02-19T22:42:35.305515Z 0 [Note] InnoDB: Loading buffer pool(s) from /var/lib/mysql/ib_buffer_pool
2022-02-19T22:42:35.306208Z 0 [Note] Plugin 'FEDERATED' is disabled.
2022-02-19T22:42:35.348951Z 0 [Note] Found ca.pem, server-cert.pem and server-key.pem in data directory. Trying to enable SSL support using them.
2022-02-19T22:42:35.350395Z 0 [Note] Skipping generation of SSL certificates as certificate files are present in data directory.
2022-02-19T22:42:35.352399Z 0 [Warning] A deprecated TLS version TLSv1 is enabled. Please use TLSv1.2 or higher.
2022-02-19T22:42:35.353837Z 0 [Warning] A deprecated TLS version TLSv1.1 is enabled. Please use TLSv1.2 or higher.
2022-02-19T22:42:35.364401Z 0 [Warning] CA certificate ca.pem is self signed.
2022-02-19T22:42:35.365836Z 0 [Note] Skipping generation of RSA key pair as key files are present in data directory.
2022-02-19T22:42:35.373730Z 0 [Note] Server hostname (bind-address): '*'; port: 3306
2022-02-19T22:42:35.384252Z 0 [Note] IPv6 is available.
2022-02-19T22:42:35.387270Z 0 [Note]   - '::' resolves to '::';
2022-02-19T22:42:35.389078Z 0 [Note] Server socket created on IP: '::'.
2022-02-19T22:42:35.402509Z 0 [Warning] Insecure configuration for --pid-file: Location '/var/run/mysqld' in the path is accessible to all OS users. Consider choosing a different directory.
2022-02-19T22:42:35.426015Z 0 [Note] InnoDB: Buffer pool(s) load completed at 220220  7:42:35
2022-02-19T22:42:35.846717Z 0 [Note] Event Scheduler: Loaded 0 events
2022-02-19T22:42:35.848291Z 0 [Note] mysqld: ready for connections.
Version: '5.7.36'  socket: '/var/run/mysqld/mysqld.sock'  port: 3306  MySQL Community Server (GPL)
